mode: set
github.com/libliflin/gosq-codegen/internal/codegen/codegen.go:27.70,28.23 1 1
github.com/libliflin/gosq-codegen/internal/codegen/codegen.go:28.23,30.3 1 1
github.com/libliflin/gosq-codegen/internal/codegen/codegen.go:32.2,34.41 3 1
github.com/libliflin/gosq-codegen/internal/codegen/codegen.go:34.41,36.3 1 1
github.com/libliflin/gosq-codegen/internal/codegen/codegen.go:39.2,41.29 3 1
github.com/libliflin/gosq-codegen/internal/codegen/codegen.go:41.29,43.19 2 1
github.com/libliflin/gosq-codegen/internal/codegen/codegen.go:43.19,45.4 1 1
github.com/libliflin/gosq-codegen/internal/codegen/codegen.go:46.3,46.41 1 1
github.com/libliflin/gosq-codegen/internal/codegen/codegen.go:46.41,48.4 1 1
github.com/libliflin/gosq-codegen/internal/codegen/codegen.go:49.3,49.41 1 1
github.com/libliflin/gosq-codegen/internal/codegen/codegen.go:49.41,51.4 1 1
github.com/libliflin/gosq-codegen/internal/codegen/codegen.go:52.3,55.35 3 1
github.com/libliflin/gosq-codegen/internal/codegen/codegen.go:55.35,57.43 2 1
github.com/libliflin/gosq-codegen/internal/codegen/codegen.go:57.43,59.5 1 1
github.com/libliflin/gosq-codegen/internal/codegen/codegen.go:60.4,63.47 3 1
github.com/libliflin/gosq-codegen/internal/codegen/codegen.go:63.47,65.5 1 1
github.com/libliflin/gosq-codegen/internal/codegen/codegen.go:66.4,66.52 1 1
github.com/libliflin/gosq-codegen/internal/codegen/codegen.go:66.52,68.5 1 1
github.com/libliflin/gosq-codegen/internal/codegen/codegen.go:69.4,69.59 1 1
github.com/libliflin/gosq-codegen/internal/codegen/codegen.go:73.2,77.21 3 1
github.com/libliflin/gosq-codegen/internal/codegen/codegen.go:77.21,78.20 1 1
github.com/libliflin/gosq-codegen/internal/codegen/codegen.go:78.20,80.4 1 1
github.com/libliflin/gosq-codegen/internal/codegen/codegen.go:80.9,82.4 1 1
github.com/libliflin/gosq-codegen/internal/codegen/codegen.go:85.2,85.29 1 1
github.com/libliflin/gosq-codegen/internal/codegen/codegen.go:85.29,87.20 2 1
github.com/libliflin/gosq-codegen/internal/codegen/codegen.go:87.20,89.4 1 1
github.com/libliflin/gosq-codegen/internal/codegen/codegen.go:89.9,91.4 1 1
github.com/libliflin/gosq-codegen/internal/codegen/codegen.go:93.3,93.27 1 1
github.com/libliflin/gosq-codegen/internal/codegen/codegen.go:93.27,95.36 2 1
github.com/libliflin/gosq-codegen/internal/codegen/codegen.go:95.36,97.22 2 1
github.com/libliflin/gosq-codegen/internal/codegen/codegen.go:97.22,99.6 1 1
github.com/libliflin/gosq-codegen/internal/codegen/codegen.go:99.11,101.6 1 1
github.com/libliflin/gosq-codegen/internal/codegen/codegen.go:103.4,103.30 1 1
github.com/libliflin/gosq-codegen/internal/codegen/codegen.go:107.2,111.16 4 1
github.com/libliflin/gosq-codegen/internal/codegen/codegen.go:111.16,113.3 1 0
github.com/libliflin/gosq-codegen/internal/codegen/codegen.go:114.2,114.23 1 1
github.com/libliflin/gosq-codegen/internal/codegen/codegen.go:141.37,144.29 3 1
github.com/libliflin/gosq-codegen/internal/codegen/codegen.go:144.29,145.17 1 1
github.com/libliflin/gosq-codegen/internal/codegen/codegen.go:145.17,146.12 1 1
github.com/libliflin/gosq-codegen/internal/codegen/codegen.go:148.3,148.60 1 1
github.com/libliflin/gosq-codegen/internal/codegen/codegen.go:148.60,150.4 1 1
github.com/libliflin/gosq-codegen/internal/codegen/codegen.go:150.9,153.4 2 1
github.com/libliflin/gosq-codegen/internal/codegen/codegen.go:155.2,156.18 2 1
github.com/libliflin/gosq-codegen/internal/codegen/codegen.go:156.18,158.3 1 1
github.com/libliflin/gosq-codegen/internal/codegen/codegen.go:159.2,159.42 1 1
github.com/libliflin/gosq-codegen/internal/codegen/codegen.go:159.42,161.3 1 1
github.com/libliflin/gosq-codegen/internal/codegen/codegen.go:162.2,162.15 1 1
